TN:
SF:src\Cart.ts
FN:9,(anonymous_0)
FN:12,(anonymous_1)
FN:16,(anonymous_2)
FN:17,(anonymous_3)
FN:25,(anonymous_4)
FN:26,(anonymous_5)
FN:29,(anonymous_6)
FN:37,(anonymous_7)
FNF:8
FNH:8
FNDA:7,(anonymous_0)
FNDA:6,(anonymous_1)
FNDA:2,(anonymous_2)
FNDA:1,(anonymous_3)
FNDA:4,(anonymous_4)
FNDA:3,(anonymous_5)
FNDA:4,(anonymous_6)
FNDA:2,(anonymous_7)
DA:9,1
DA:10,7
DA:13,6
DA:17,2
DA:18,2
DA:19,1
DA:21,1
DA:26,4
DA:30,4
DA:31,2
DA:33,2
DA:34,2
DA:38,2
LF:13
LH:13
BRDA:18,0,0,1
BRDA:18,0,1,1
BRDA:30,1,0,2
BRDA:30,2,0,4
BRDA:30,2,1,3
BRF:5
BRH:5
end_of_record
TN:
SF:src\Movie.ts
FN:9,(anonymous_0)
FN:25,(anonymous_1)
FN:31,(anonymous_2)
FNF:3
FNH:3
FNDA:3,(anonymous_0)
FNDA:2,(anonymous_1)
FNDA:1,(anonymous_2)
DA:1,1
DA:17,3
DA:18,3
DA:19,3
DA:20,3
DA:21,3
DA:22,3
DA:26,2
DA:27,2
DA:28,2
DA:32,1
LF:11
LH:11
BRF:0
BRH:0
end_of_record
