TN:
SF:src\Cart.ts
FN:3,(anonymous_0)
FN:7,(anonymous_1)
FN:15,(anonymous_2)
FN:16,(anonymous_3)
FN:25,(anonymous_4)
FN:26,(anonymous_5)
FN:29,(anonymous_6)
FN:37,(anonymous_7)
FN:39,(anonymous_8)
FNF:9
FNH:9
FNDA:6,(anonymous_0)
FNDA:12,(anonymous_1)
FNDA:2,(anonymous_2)
FNDA:2,(anonymous_3)
FNDA:2,(anonymous_4)
FNDA:4,(anonymous_5)
FNDA:3,(anonymous_6)
FNDA:1,(anonymous_7)
FNDA:2,(anonymous_8)
DA:3,1
DA:4,6
DA:5,6
DA:8,12
DA:9,0
DA:11,12
DA:12,12
DA:16,2
DA:17,2
DA:18,2
DA:19,2
DA:21,0
DA:26,4
DA:30,3
DA:31,2
DA:33,1
DA:34,1
DA:38,1
DA:39,1
DA:40,2
LF:20
LH:18
BRDA:8,0,0,0
BRDA:8,1,0,12
BRDA:8,1,1,12
BRDA:17,2,0,2
BRDA:17,2,1,0
BRDA:30,3,0,2
BRDA:30,4,0,3
BRDA:30,4,1,2
BRF:8
BRH:6
end_of_record
TN:
SF:src\Movie.ts
FN:9,(anonymous_0)
FN:25,(anonymous_1)
FN:31,(anonymous_2)
FNF:3
FNH:3
FNDA:15,(anonymous_0)
FNDA:2,(anonymous_1)
FNDA:1,(anonymous_2)
DA:1,2
DA:17,15
DA:18,15
DA:19,15
DA:20,15
DA:21,15
DA:22,15
DA:26,2
DA:27,2
DA:28,2
DA:32,1
LF:11
LH:11
BRF:0
BRH:0
end_of_record
